have_func: checking for rb_postponed_job_register_one()... -------------------- yes

"gcc -o conftest -I/home/vishnu/.rvm/rubies/ruby-2.2.1/include/ruby-2.2.0/x86_64-linux -I/home/vishnu/.rvm/rubies/ruby-2.2.1/include/ruby-2.2.0/ruby/backward -I/home/vishnu/.rvm/rubies/ruby-2.2.1/include/ruby-2.2.0 -I.     -O3 -fno-fast-math -ggdb3 -Wall -Wextra -Wno-unused-parameter -Wno-parentheses -Wno-long-long -Wno-missing-field-initializers -Wunused-variable -Wpointer-arith -Wwrite-strings -Wdeclaration-after-statement -Wimplicit-function-declaration -Wdeprecated-declarations -Wno-packed-bitfield-compat  -fPIC conftest.c  -L. -L/home/vishnu/.rvm/rubies/ruby-2.2.1/lib -Wl,-R/home/vishnu/.rvm/rubies/ruby-2.2.1/lib -L. -fstack-protector -rdynamic -Wl,-export-dynamic     -Wl,-rpath,'/../lib' -Wl,-R'/../lib' -lruby  -lpthread -ldl -lcrypt -lm   -lc"
checked program was:
/* begin */
1: #include "ruby.h"
2: 
3: int main(int argc, char **argv)
4: {
5:   return 0;
6: }
/* end */

"gcc -o conftest -I/home/vishnu/.rvm/rubies/ruby-2.2.1/include/ruby-2.2.0/x86_64-linux -I/home/vishnu/.rvm/rubies/ruby-2.2.1/include/ruby-2.2.0/ruby/backward -I/home/vishnu/.rvm/rubies/ruby-2.2.1/include/ruby-2.2.0 -I.     -O3 -fno-fast-math -ggdb3 -Wall -Wextra -Wno-unused-parameter -Wno-parentheses -Wno-long-long -Wno-missing-field-initializers -Wunused-variable -Wpointer-arith -Wwrite-strings -Wdeclaration-after-statement -Wimplicit-function-declaration -Wdeprecated-declarations -Wno-packed-bitfield-compat  -fPIC conftest.c  -L. -L/home/vishnu/.rvm/rubies/ruby-2.2.1/lib -Wl,-R/home/vishnu/.rvm/rubies/ruby-2.2.1/lib -L. -fstack-protector -rdynamic -Wl,-export-dynamic     -Wl,-rpath,'/../lib' -Wl,-R'/../lib' -lruby  -lpthread -ldl -lcrypt -lm   -lc"
conftest.c: In function ‘t’:
conftest.c:13:57: error: ‘rb_postponed_job_register_one’ undeclared (first use in this function)
 int t(void) { void ((*volatile p)()); p = (void ((*)()))rb_postponed_job_register_one; return 0; }
                                                         ^
conftest.c:13:57: note: each undeclared identifier is reported only once for each function it appears in
conftest.c:13:32: warning: variable ‘p’ set but not used [-Wunused-but-set-variable]
 int t(void) { void ((*volatile p)()); p = (void ((*)()))rb_postponed_job_register_one; return 0; }
                                ^
checked program was:
/* begin */
 1: #include "ruby.h"
 2: 
 3: /*top*/
 4: extern int t(void);
 5: int main(int argc, char **argv)
 6: {
 7:   if (argc > 1000000) {
 8:     printf("%p", &t);
 9:   }
10: 
11:   return 0;
12: }
13: int t(void) { void ((*volatile p)()); p = (void ((*)()))rb_postponed_job_register_one; return 0; }
/* end */

"gcc -o conftest -I/home/vishnu/.rvm/rubies/ruby-2.2.1/include/ruby-2.2.0/x86_64-linux -I/home/vishnu/.rvm/rubies/ruby-2.2.1/include/ruby-2.2.0/ruby/backward -I/home/vishnu/.rvm/rubies/ruby-2.2.1/include/ruby-2.2.0 -I.     -O3 -fno-fast-math -ggdb3 -Wall -Wextra -Wno-unused-parameter -Wno-parentheses -Wno-long-long -Wno-missing-field-initializers -Wunused-variable -Wpointer-arith -Wwrite-strings -Wdeclaration-after-statement -Wimplicit-function-declaration -Wdeprecated-declarations -Wno-packed-bitfield-compat  -fPIC conftest.c  -L. -L/home/vishnu/.rvm/rubies/ruby-2.2.1/lib -Wl,-R/home/vishnu/.rvm/rubies/ruby-2.2.1/lib -L. -fstack-protector -rdynamic -Wl,-export-dynamic     -Wl,-rpath,'/../lib' -Wl,-R'/../lib' -lruby  -lpthread -ldl -lcrypt -lm   -lc"
conftest.c: In function ‘t’:
conftest.c:13:1: warning: implicit declaration of function ‘rb_postponed_job_register_one’ [-Wimplicit-function-declaration]
 int t(void) { rb_postponed_job_register_one(); return 0; }
 ^
checked program was:
/* begin */
 1: #include "ruby.h"
 2: 
 3: /*top*/
 4: extern int t(void);
 5: int main(int argc, char **argv)
 6: {
 7:   if (argc > 1000000) {
 8:     printf("%p", &t);
 9:   }
10: 
11:   return 0;
12: }
13: int t(void) { rb_postponed_job_register_one(); return 0; }
/* end */

--------------------

have_func: checking for rb_profile_frames()... -------------------- yes

"gcc -o conftest -I/home/vishnu/.rvm/rubies/ruby-2.2.1/include/ruby-2.2.0/x86_64-linux -I/home/vishnu/.rvm/rubies/ruby-2.2.1/include/ruby-2.2.0/ruby/backward -I/home/vishnu/.rvm/rubies/ruby-2.2.1/include/ruby-2.2.0 -I.     -O3 -fno-fast-math -ggdb3 -Wall -Wextra -Wno-unused-parameter -Wno-parentheses -Wno-long-long -Wno-missing-field-initializers -Wunused-variable -Wpointer-arith -Wwrite-strings -Wdeclaration-after-statement -Wimplicit-function-declaration -Wdeprecated-declarations -Wno-packed-bitfield-compat  -fPIC conftest.c  -L. -L/home/vishnu/.rvm/rubies/ruby-2.2.1/lib -Wl,-R/home/vishnu/.rvm/rubies/ruby-2.2.1/lib -L. -fstack-protector -rdynamic -Wl,-export-dynamic     -Wl,-rpath,'/../lib' -Wl,-R'/../lib' -lruby  -lpthread -ldl -lcrypt -lm   -lc"
conftest.c: In function ‘t’:
conftest.c:13:57: error: ‘rb_profile_frames’ undeclared (first use in this function)
 int t(void) { void ((*volatile p)()); p = (void ((*)()))rb_profile_frames; return 0; }
                                                         ^
conftest.c:13:57: note: each undeclared identifier is reported only once for each function it appears in
conftest.c:13:32: warning: variable ‘p’ set but not used [-Wunused-but-set-variable]
 int t(void) { void ((*volatile p)()); p = (void ((*)()))rb_profile_frames; return 0; }
                                ^
checked program was:
/* begin */
 1: #include "ruby.h"
 2: 
 3: /*top*/
 4: extern int t(void);
 5: int main(int argc, char **argv)
 6: {
 7:   if (argc > 1000000) {
 8:     printf("%p", &t);
 9:   }
10: 
11:   return 0;
12: }
13: int t(void) { void ((*volatile p)()); p = (void ((*)()))rb_profile_frames; return 0; }
/* end */

"gcc -o conftest -I/home/vishnu/.rvm/rubies/ruby-2.2.1/include/ruby-2.2.0/x86_64-linux -I/home/vishnu/.rvm/rubies/ruby-2.2.1/include/ruby-2.2.0/ruby/backward -I/home/vishnu/.rvm/rubies/ruby-2.2.1/include/ruby-2.2.0 -I.     -O3 -fno-fast-math -ggdb3 -Wall -Wextra -Wno-unused-parameter -Wno-parentheses -Wno-long-long -Wno-missing-field-initializers -Wunused-variable -Wpointer-arith -Wwrite-strings -Wdeclaration-after-statement -Wimplicit-function-declaration -Wdeprecated-declarations -Wno-packed-bitfield-compat  -fPIC conftest.c  -L. -L/home/vishnu/.rvm/rubies/ruby-2.2.1/lib -Wl,-R/home/vishnu/.rvm/rubies/ruby-2.2.1/lib -L. -fstack-protector -rdynamic -Wl,-export-dynamic     -Wl,-rpath,'/../lib' -Wl,-R'/../lib' -lruby  -lpthread -ldl -lcrypt -lm   -lc"
conftest.c: In function ‘t’:
conftest.c:13:1: warning: implicit declaration of function ‘rb_profile_frames’ [-Wimplicit-function-declaration]
 int t(void) { rb_profile_frames(); return 0; }
 ^
checked program was:
/* begin */
 1: #include "ruby.h"
 2: 
 3: /*top*/
 4: extern int t(void);
 5: int main(int argc, char **argv)
 6: {
 7:   if (argc > 1000000) {
 8:     printf("%p", &t);
 9:   }
10: 
11:   return 0;
12: }
13: int t(void) { rb_profile_frames(); return 0; }
/* end */

--------------------

have_func: checking for rb_tracepoint_new()... -------------------- yes

"gcc -o conftest -I/home/vishnu/.rvm/rubies/ruby-2.2.1/include/ruby-2.2.0/x86_64-linux -I/home/vishnu/.rvm/rubies/ruby-2.2.1/include/ruby-2.2.0/ruby/backward -I/home/vishnu/.rvm/rubies/ruby-2.2.1/include/ruby-2.2.0 -I.     -O3 -fno-fast-math -ggdb3 -Wall -Wextra -Wno-unused-parameter -Wno-parentheses -Wno-long-long -Wno-missing-field-initializers -Wunused-variable -Wpointer-arith -Wwrite-strings -Wdeclaration-after-statement -Wimplicit-function-declaration -Wdeprecated-declarations -Wno-packed-bitfield-compat  -fPIC conftest.c  -L. -L/home/vishnu/.rvm/rubies/ruby-2.2.1/lib -Wl,-R/home/vishnu/.rvm/rubies/ruby-2.2.1/lib -L. -fstack-protector -rdynamic -Wl,-export-dynamic     -Wl,-rpath,'/../lib' -Wl,-R'/../lib' -lruby  -lpthread -ldl -lcrypt -lm   -lc"
conftest.c: In function ‘t’:
conftest.c:13:57: error: ‘rb_tracepoint_new’ undeclared (first use in this function)
 int t(void) { void ((*volatile p)()); p = (void ((*)()))rb_tracepoint_new; return 0; }
                                                         ^
conftest.c:13:57: note: each undeclared identifier is reported only once for each function it appears in
conftest.c:13:32: warning: variable ‘p’ set but not used [-Wunused-but-set-variable]
 int t(void) { void ((*volatile p)()); p = (void ((*)()))rb_tracepoint_new; return 0; }
                                ^
checked program was:
/* begin */
 1: #include "ruby.h"
 2: 
 3: /*top*/
 4: extern int t(void);
 5: int main(int argc, char **argv)
 6: {
 7:   if (argc > 1000000) {
 8:     printf("%p", &t);
 9:   }
10: 
11:   return 0;
12: }
13: int t(void) { void ((*volatile p)()); p = (void ((*)()))rb_tracepoint_new; return 0; }
/* end */

"gcc -o conftest -I/home/vishnu/.rvm/rubies/ruby-2.2.1/include/ruby-2.2.0/x86_64-linux -I/home/vishnu/.rvm/rubies/ruby-2.2.1/include/ruby-2.2.0/ruby/backward -I/home/vishnu/.rvm/rubies/ruby-2.2.1/include/ruby-2.2.0 -I.     -O3 -fno-fast-math -ggdb3 -Wall -Wextra -Wno-unused-parameter -Wno-parentheses -Wno-long-long -Wno-missing-field-initializers -Wunused-variable -Wpointer-arith -Wwrite-strings -Wdeclaration-after-statement -Wimplicit-function-declaration -Wdeprecated-declarations -Wno-packed-bitfield-compat  -fPIC conftest.c  -L. -L/home/vishnu/.rvm/rubies/ruby-2.2.1/lib -Wl,-R/home/vishnu/.rvm/rubies/ruby-2.2.1/lib -L. -fstack-protector -rdynamic -Wl,-export-dynamic     -Wl,-rpath,'/../lib' -Wl,-R'/../lib' -lruby  -lpthread -ldl -lcrypt -lm   -lc"
conftest.c: In function ‘t’:
conftest.c:13:1: warning: implicit declaration of function ‘rb_tracepoint_new’ [-Wimplicit-function-declaration]
 int t(void) { rb_tracepoint_new(); return 0; }
 ^
checked program was:
/* begin */
 1: #include "ruby.h"
 2: 
 3: /*top*/
 4: extern int t(void);
 5: int main(int argc, char **argv)
 6: {
 7:   if (argc > 1000000) {
 8:     printf("%p", &t);
 9:   }
10: 
11:   return 0;
12: }
13: int t(void) { rb_tracepoint_new(); return 0; }
/* end */

--------------------

have_const: checking for RUBY_INTERNAL_EVENT_NEWOBJ... -------------------- yes

"gcc -I/home/vishnu/.rvm/rubies/ruby-2.2.1/include/ruby-2.2.0/x86_64-linux -I/home/vishnu/.rvm/rubies/ruby-2.2.1/include/ruby-2.2.0/ruby/backward -I/home/vishnu/.rvm/rubies/ruby-2.2.1/include/ruby-2.2.0 -I.     -O3 -fno-fast-math -ggdb3 -Wall -Wextra -Wno-unused-parameter -Wno-parentheses -Wno-long-long -Wno-missing-field-initializers -Wunused-variable -Wpointer-arith -Wwrite-strings -Wdeclaration-after-statement -Wimplicit-function-declaration -Wdeprecated-declarations -Wno-packed-bitfield-compat  -fPIC   -c conftest.c"
checked program was:
/* begin */
1: #include "ruby.h"
2: 
3: /*top*/
4: typedef int conftest_type;
5: conftest_type conftestval = (int)RUBY_INTERNAL_EVENT_NEWOBJ;
/* end */

--------------------

have_library: checking for main() in -lzmq... -------------------- no

"gcc -o conftest -I/home/vishnu/.rvm/rubies/ruby-2.2.1/include/ruby-2.2.0/x86_64-linux -I/home/vishnu/.rvm/rubies/ruby-2.2.1/include/ruby-2.2.0/ruby/backward -I/home/vishnu/.rvm/rubies/ruby-2.2.1/include/ruby-2.2.0 -I.     -O3 -fno-fast-math -ggdb3 -Wall -Wextra -Wno-unused-parameter -Wno-parentheses -Wno-long-long -Wno-missing-field-initializers -Wunused-variable -Wpointer-arith -Wwrite-strings -Wdeclaration-after-statement -Wimplicit-function-declaration -Wdeprecated-declarations -Wno-packed-bitfield-compat  -fPIC conftest.c  -L. -L/home/vishnu/.rvm/rubies/ruby-2.2.1/lib -Wl,-R/home/vishnu/.rvm/rubies/ruby-2.2.1/lib -L. -fstack-protector -rdynamic -Wl,-export-dynamic     -Wl,-rpath,'/../lib' -Wl,-R'/../lib' -lruby -lzmq  -lpthread -ldl -lcrypt -lm   -lc"
conftest.c: In function ‘t’:
conftest.c:13:32: warning: variable ‘p’ set but not used [-Wunused-but-set-variable]
 int t(void) { void ((*volatile p)()); p = (void ((*)()))main; return 0; }
                                ^
/usr/bin/ld.bfd.real: cannot find -lzmq
collect2: error: ld returned 1 exit status
checked program was:
/* begin */
 1: #include "ruby.h"
 2: 
 3: /*top*/
 4: extern int t(void);
 5: int main(int argc, char **argv)
 6: {
 7:   if (argc > 1000000) {
 8:     printf("%p", &t);
 9:   }
10: 
11:   return 0;
12: }
13: int t(void) { void ((*volatile p)()); p = (void ((*)()))main; return 0; }
/* end */

"gcc -o conftest -I/home/vishnu/.rvm/rubies/ruby-2.2.1/include/ruby-2.2.0/x86_64-linux -I/home/vishnu/.rvm/rubies/ruby-2.2.1/include/ruby-2.2.0/ruby/backward -I/home/vishnu/.rvm/rubies/ruby-2.2.1/include/ruby-2.2.0 -I.     -O3 -fno-fast-math -ggdb3 -Wall -Wextra -Wno-unused-parameter -Wno-parentheses -Wno-long-long -Wno-missing-field-initializers -Wunused-variable -Wpointer-arith -Wwrite-strings -Wdeclaration-after-statement -Wimplicit-function-declaration -Wdeprecated-declarations -Wno-packed-bitfield-compat  -fPIC conftest.c  -L. -L/home/vishnu/.rvm/rubies/ruby-2.2.1/lib -Wl,-R/home/vishnu/.rvm/rubies/ruby-2.2.1/lib -L. -fstack-protector -rdynamic -Wl,-export-dynamic     -Wl,-rpath,'/../lib' -Wl,-R'/../lib' -lruby -lzmq  -lpthread -ldl -lcrypt -lm   -lc"
conftest.c: In function ‘t’:
conftest.c:13:1: error: too few arguments to function ‘main’
 int t(void) { main(); return 0; }
 ^
conftest.c:5:5: note: declared here
 int main(int argc, char **argv)
     ^
checked program was:
/* begin */
 1: #include "ruby.h"
 2: 
 3: /*top*/
 4: extern int t(void);
 5: int main(int argc, char **argv)
 6: {
 7:   if (argc > 1000000) {
 8:     printf("%p", &t);
 9:   }
10: 
11:   return 0;
12: }
13: int t(void) { main(); return 0; }
/* end */

--------------------

find_executable: checking for libtool... -------------------- yes

--------------------

find_executable: checking for autoconf... -------------------- yes

--------------------

find_executable: checking for automake... -------------------- yes

--------------------

find_executable: checking for curl... -------------------- yes

--------------------

have_library: checking for main() in -lstdc++... -------------------- yes

"gcc -o conftest -I/home/vishnu/source/ProductEngineering/CallGirl/clean-dashboard-callgirl/vendor/ruby/2.2.0/gems/rbkit-0.1.10/ext/zeromq-4.0.4/dist/include -I/home/vishnu/.rvm/rubies/ruby-2.2.1/include/ruby-2.2.0/x86_64-linux -I/home/vishnu/.rvm/rubies/ruby-2.2.1/include/ruby-2.2.0/ruby/backward -I/home/vishnu/.rvm/rubies/ruby-2.2.1/include/ruby-2.2.0 -I.     -O3 -fno-fast-math -ggdb3 -Wall -Wextra -Wno-unused-parameter -Wno-parentheses -Wno-long-long -Wno-missing-field-initializers -Wunused-variable -Wpointer-arith -Wwrite-strings -Wdeclaration-after-statement -Wimplicit-function-declaration -Wdeprecated-declarations -Wno-packed-bitfield-compat  -fPIC conftest.c  -L. -L/home/vishnu/.rvm/rubies/ruby-2.2.1/lib -Wl,-R/home/vishnu/.rvm/rubies/ruby-2.2.1/lib -L. -fstack-protector -rdynamic -Wl,-export-dynamic     -Wl,-rpath,'/../lib' -Wl,-R'/../lib' -lruby -lstdc++  -lpthread -ldl -lcrypt -lm   -lc"
conftest.c: In function ‘t’:
conftest.c:13:32: warning: variable ‘p’ set but not used [-Wunused-but-set-variable]
 int t(void) { void ((*volatile p)()); p = (void ((*)()))main; return 0; }
                                ^
checked program was:
/* begin */
 1: #include "ruby.h"
 2: 
 3: /*top*/
 4: extern int t(void);
 5: int main(int argc, char **argv)
 6: {
 7:   if (argc > 1000000) {
 8:     printf("%p", &t);
 9:   }
10: 
11:   return 0;
12: }
13: int t(void) { void ((*volatile p)()); p = (void ((*)()))main; return 0; }
/* end */

--------------------

have_library: checking for main() in -lzmq... -------------------- yes

"gcc -o conftest -I/home/vishnu/source/ProductEngineering/CallGirl/clean-dashboard-callgirl/vendor/ruby/2.2.0/gems/rbkit-0.1.10/ext/zeromq-4.0.4/dist/include -I/home/vishnu/.rvm/rubies/ruby-2.2.1/include/ruby-2.2.0/x86_64-linux -I/home/vishnu/.rvm/rubies/ruby-2.2.1/include/ruby-2.2.0/ruby/backward -I/home/vishnu/.rvm/rubies/ruby-2.2.1/include/ruby-2.2.0 -I.     -O3 -fno-fast-math -ggdb3 -Wall -Wextra -Wno-unused-parameter -Wno-parentheses -Wno-long-long -Wno-missing-field-initializers -Wunused-variable -Wpointer-arith -Wwrite-strings -Wdeclaration-after-statement -Wimplicit-function-declaration -Wdeprecated-declarations -Wno-packed-bitfield-compat  -fPIC conftest.c  -L. -L/home/vishnu/.rvm/rubies/ruby-2.2.1/lib -Wl,-R/home/vishnu/.rvm/rubies/ruby-2.2.1/lib -L. -fstack-protector -rdynamic -Wl,-export-dynamic    -lstdc++  -Wl,-rpath,'/../lib' -Wl,-R'/../lib' -lruby -lzmq -lstdc++  -lpthread -ldl -lcrypt -lm   -lc"
conftest.c: In function ‘t’:
conftest.c:13:32: warning: variable ‘p’ set but not used [-Wunused-but-set-variable]
 int t(void) { void ((*volatile p)()); p = (void ((*)()))main; return 0; }
                                ^
checked program was:
/* begin */
 1: #include "ruby.h"
 2: 
 3: /*top*/
 4: extern int t(void);
 5: int main(int argc, char **argv)
 6: {
 7:   if (argc > 1000000) {
 8:     printf("%p", &t);
 9:   }
10: 
11:   return 0;
12: }
13: int t(void) { void ((*volatile p)()); p = (void ((*)()))main; return 0; }
/* end */

--------------------

have_header: checking for zmq.h... -------------------- yes

"gcc -E -I/home/vishnu/source/ProductEngineering/CallGirl/clean-dashboard-callgirl/vendor/ruby/2.2.0/gems/rbkit-0.1.10/ext/zeromq-4.0.4/dist/include -I/home/vishnu/.rvm/rubies/ruby-2.2.1/include/ruby-2.2.0/x86_64-linux -I/home/vishnu/.rvm/rubies/ruby-2.2.1/include/ruby-2.2.0/ruby/backward -I/home/vishnu/.rvm/rubies/ruby-2.2.1/include/ruby-2.2.0 -I.     -O3 -fno-fast-math -ggdb3 -Wall -Wextra -Wno-unused-parameter -Wno-parentheses -Wno-long-long -Wno-missing-field-initializers -Wunused-variable -Wpointer-arith -Wwrite-strings -Wdeclaration-after-statement -Wimplicit-function-declaration -Wdeprecated-declarations -Wno-packed-bitfield-compat  -fPIC  conftest.c -o conftest.i"
checked program was:
/* begin */
1: #include "ruby.h"
2: 
3: #include <zmq.h>
/* end */

--------------------

have_library: checking for main() in -lmsgpack... -------------------- no

"gcc -o conftest -I/home/vishnu/source/ProductEngineering/CallGirl/clean-dashboard-callgirl/vendor/ruby/2.2.0/gems/rbkit-0.1.10/ext/zeromq-4.0.4/dist/include -I/home/vishnu/.rvm/rubies/ruby-2.2.1/include/ruby-2.2.0/x86_64-linux -I/home/vishnu/.rvm/rubies/ruby-2.2.1/include/ruby-2.2.0/ruby/backward -I/home/vishnu/.rvm/rubies/ruby-2.2.1/include/ruby-2.2.0 -I.     -O3 -fno-fast-math -ggdb3 -Wall -Wextra -Wno-unused-parameter -Wno-parentheses -Wno-long-long -Wno-missing-field-initializers -Wunused-variable -Wpointer-arith -Wwrite-strings -Wdeclaration-after-statement -Wimplicit-function-declaration -Wdeprecated-declarations -Wno-packed-bitfield-compat  -fPIC conftest.c  -L. -L/home/vishnu/.rvm/rubies/ruby-2.2.1/lib -Wl,-R/home/vishnu/.rvm/rubies/ruby-2.2.1/lib -L. -fstack-protector -rdynamic -Wl,-export-dynamic    -lzmq -lstdc++  -Wl,-rpath,'/../lib' -Wl,-R'/../lib' -lruby -lmsgpack -lzmq -lstdc++  -lpthread -ldl -lcrypt -lm   -lc"
conftest.c: In function ‘t’:
conftest.c:13:32: warning: variable ‘p’ set but not used [-Wunused-but-set-variable]
 int t(void) { void ((*volatile p)()); p = (void ((*)()))main; return 0; }
                                ^
/usr/bin/ld.bfd.real: cannot find -lmsgpack
collect2: error: ld returned 1 exit status
checked program was:
/* begin */
 1: #include "ruby.h"
 2: 
 3: /*top*/
 4: extern int t(void);
 5: int main(int argc, char **argv)
 6: {
 7:   if (argc > 1000000) {
 8:     printf("%p", &t);
 9:   }
10: 
11:   return 0;
12: }
13: int t(void) { void ((*volatile p)()); p = (void ((*)()))main; return 0; }
/* end */

"gcc -o conftest -I/home/vishnu/source/ProductEngineering/CallGirl/clean-dashboard-callgirl/vendor/ruby/2.2.0/gems/rbkit-0.1.10/ext/zeromq-4.0.4/dist/include -I/home/vishnu/.rvm/rubies/ruby-2.2.1/include/ruby-2.2.0/x86_64-linux -I/home/vishnu/.rvm/rubies/ruby-2.2.1/include/ruby-2.2.0/ruby/backward -I/home/vishnu/.rvm/rubies/ruby-2.2.1/include/ruby-2.2.0 -I.     -O3 -fno-fast-math -ggdb3 -Wall -Wextra -Wno-unused-parameter -Wno-parentheses -Wno-long-long -Wno-missing-field-initializers -Wunused-variable -Wpointer-arith -Wwrite-strings -Wdeclaration-after-statement -Wimplicit-function-declaration -Wdeprecated-declarations -Wno-packed-bitfield-compat  -fPIC conftest.c  -L. -L/home/vishnu/.rvm/rubies/ruby-2.2.1/lib -Wl,-R/home/vishnu/.rvm/rubies/ruby-2.2.1/lib -L. -fstack-protector -rdynamic -Wl,-export-dynamic    -lzmq -lstdc++  -Wl,-rpath,'/../lib' -Wl,-R'/../lib' -lruby -lmsgpack -lzmq -lstdc++  -lpthread -ldl -lcrypt -lm   -lc"
conftest.c: In function ‘t’:
conftest.c:13:1: error: too few arguments to function ‘main’
 int t(void) { main(); return 0; }
 ^
conftest.c:5:5: note: declared here
 int main(int argc, char **argv)
     ^
checked program was:
/* begin */
 1: #include "ruby.h"
 2: 
 3: /*top*/
 4: extern int t(void);
 5: int main(int argc, char **argv)
 6: {
 7:   if (argc > 1000000) {
 8:     printf("%p", &t);
 9:   }
10: 
11:   return 0;
12: }
13: int t(void) { main(); return 0; }
/* end */

--------------------

find_executable: checking for curl... -------------------- yes

--------------------

